This is pdfTeX, Version 3.14159265-2.6-1.40.21 (MiKTeX 20.6.29) (preloaded format=pdflatex 2020.10.8)  13 SEP 2021 10:47
entering extended mode
**./FundamentosDeComputadores.tex
(FundamentosDeComputadores.tex
LaTeX2e <2020-02-02> patch level 5
L3 programming layer <2020-06-18>
(C:\Users\jdbar\AppData\Local\Programs\MiKTeX\tex/latex/base\book.cls
Document Class: book 2019/12/20 v1.4l Standard LaTeX document class
(C:\Users\jdbar\AppData\Local\Programs\MiKTeX\tex/latex/base\bk10.clo
File: bk10.clo 2019/12/20 v1.4l Standard LaTeX file (size option)
)
\c@part=\count167
\c@chapter=\count168
\c@section=\count169
\c@subsection=\count170
\c@subsubsection=\count171
\c@paragraph=\count172
\c@subparagraph=\count173
\c@figure=\count174
\c@table=\count175
\abovecaptionskip=\skip47
\belowcaptionskip=\skip48
\bibindent=\dimen134
)
(C:\Users\jdbar\AppData\Local\Programs\MiKTeX\tex/generic/babel\babel.sty
Package: babel 2020/06/10 3.45 The Babel package

(C:\Users\jdbar\AppData\Local\Programs\MiKTeX\tex/generic/babel\babel.def
File: babel.def 2020/06/10 3.45 Babel common definitions
\babel@savecnt=\count176
\U@D=\dimen135
\l@babelnohyphens=\language79

(C:\Users\jdbar\AppData\Local\Programs\MiKTeX\tex/generic/babel\txtbabel.def)
\bbl@readstream=\read2
)
\bbl@dirlevel=\count177

*************************************
* Local config file bblopts.cfg used
*
(C:\Users\jdbar\AppData\Local\Programs\MiKTeX\tex/latex/arabi\bblopts.cfg
File: bblopts.cfg 2005/09/08 v0.1 add Arabic and Farsi to "declared" options of
 babel
)
(C:\Users\jdbar\AppData\Local\Programs\MiKTeX\tex/latex/babel-spanish\spanish.l
df
Language: spanish.ldf 2016/03/03 v5.0p Spanish support from the babel system
\es@quottoks=\toks15
\es@quotdepth=\count178
Package babel Info: Making " an active character on input line 561.
Package babel Info: Making . an active character on input line 662.
Package babel Info: Making < an active character on input line 707.
Package babel Info: Making > an active character on input line 707.
))
(C:\Users\jdbar\AppData\Local\Programs\MiKTeX\tex/latex/amsmath\amsmath.sty
Package: amsmath 2020/01/20 v2.17e AMS math features
\@mathmargin=\skip49

For additional information on amsmath, use the `?' option.
(C:\Users\jdbar\AppData\Local\Programs\MiKTeX\tex/latex/amsmath\amstext.sty
Package: amstext 2000/06/29 v2.01 AMS text

(C:\Users\jdbar\AppData\Local\Programs\MiKTeX\tex/latex/amsmath\amsgen.sty
File: amsgen.sty 1999/11/30 v2.0 generic functions
\@emptytoks=\toks16
\ex@=\dimen136
))
(C:\Users\jdbar\AppData\Local\Programs\MiKTeX\tex/latex/amsmath\amsbsy.sty
Package: amsbsy 1999/11/29 v1.2d Bold Symbols
\pmbraise@=\dimen137
)
(C:\Users\jdbar\AppData\Local\Programs\MiKTeX\tex/latex/amsmath\amsopn.sty
Package: amsopn 2016/03/08 v2.02 operator names
)
\inf@bad=\count179
LaTeX Info: Redefining \frac on input line 227.
\uproot@=\count180
\leftroot@=\count181
LaTeX Info: Redefining \overline on input line 389.
\classnum@=\count182
\DOTSCASE@=\count183
LaTeX Info: Redefining \ldots on input line 486.
LaTeX Info: Redefining \dots on input line 489.
LaTeX Info: Redefining \cdots on input line 610.
\Mathstrutbox@=\box45
\strutbox@=\box46
\big@size=\dimen138
LaTeX Font Info:    Redeclaring font encoding OML on input line 733.
LaTeX Font Info:    Redeclaring font encoding OMS on input line 734.
\macc@depth=\count184
\c@MaxMatrixCols=\count185
\dotsspace@=\muskip16
\c@parentequation=\count186
\dspbrk@lvl=\count187
\tag@help=\toks17
\row@=\count188
\column@=\count189
\maxfields@=\count190
\andhelp@=\toks18
\eqnshift@=\dimen139
\alignsep@=\dimen140
\tagshift@=\dimen141
\tagwidth@=\dimen142
\totwidth@=\dimen143
\lineht@=\dimen144
\@envbody=\toks19
\multlinegap=\skip50
\multlinetaggap=\skip51
\mathdisplay@stack=\toks20
LaTeX Info: Redefining \[ on input line 2859.
LaTeX Info: Redefining \] on input line 2860.
)
(C:\Users\jdbar\AppData\Local\Programs\MiKTeX\tex/latex/amsfonts\amsfonts.sty
Package: amsfonts 2013/01/14 v3.01 Basic AMSFonts support
\symAMSa=\mathgroup4
\symAMSb=\mathgroup5
LaTeX Font Info:    Redeclaring math symbol \hbar on input line 98.
LaTeX Font Info:    Overwriting math alphabet `\mathfrak' in version `bold'
(Font)                  U/euf/m/n --> U/euf/b/n on input line 106.
)
(C:\Users\jdbar\AppData\Local\Programs\MiKTeX\tex/latex/amsfonts\amssymb.sty
Package: amssymb 2013/01/14 v3.01 AMS font symbols
)
(C:\Users\jdbar\AppData\Local\Programs\MiKTeX\tex/latex/base\latexsym.sty
Package: latexsym 1998/08/17 v2.2e Standard LaTeX package (lasy symbols)
\symlasy=\mathgroup6
LaTeX Font Info:    Overwriting symbol font `lasy' in version `bold'
(Font)                  U/lasy/m/n --> U/lasy/b/n on input line 52.
)
(C:\Users\jdbar\AppData\Local\Programs\MiKTeX\tex/latex/tools\multicol.sty
Package: multicol 2019/12/09 v1.8y multicolumn formatting (FMi)
\c@tracingmulticols=\count191
\mult@box=\box47
\multicol@leftmargin=\dimen145
\c@unbalance=\count192
\c@collectmore=\count193
\doublecol@number=\count194
\multicoltolerance=\count195
\multicolpretolerance=\count196
\full@width=\dimen146
\page@free=\dimen147
\premulticols=\dimen148
\postmulticols=\dimen149
\multicolsep=\skip52
\multicolbaselineskip=\skip53
\partial@page=\box48
\last@line=\box49
\maxbalancingoverflow=\dimen150
\mult@rightbox=\box50
\mult@grightbox=\box51
\mult@gfirstbox=\box52
\mult@firstbox=\box53
\@tempa=\box54
\@tempa=\box55
\@tempa=\box56
\@tempa=\box57
\@tempa=\box58
\@tempa=\box59
\@tempa=\box60
\@tempa=\box61
\@tempa=\box62
\@tempa=\box63
\@tempa=\box64
\@tempa=\box65
\@tempa=\box66
\@tempa=\box67
\@tempa=\box68
\@tempa=\box69
\@tempa=\box70
\@tempa=\box71
\@tempa=\box72
\@tempa=\box73
\@tempa=\box74
\@tempa=\box75
\@tempa=\box76
\@tempa=\box77
\@tempa=\box78
\@tempa=\box79
\@tempa=\box80
\@tempa=\box81
\@tempa=\box82
\@tempa=\box83
\@tempa=\box84
\@tempa=\box85
\@tempa=\box86
\@tempa=\box87
\@tempa=\box88
\@tempa=\box89
\@tempa=\box90
\c@minrows=\count197
\c@columnbadness=\count198
\c@finalcolumnbadness=\count199
\last@try=\dimen151
\multicolovershoot=\dimen152
\multicolundershoot=\dimen153
\mult@nat@firstbox=\box91
\colbreak@box=\box92
\mc@col@check@num=\count266
)
(C:\Users\jdbar\AppData\Local\Programs\MiKTeX\tex/latex/geometry\geometry.sty
Package: geometry 2020/01/02 v5.9 Page Geometry

(C:\Users\jdbar\AppData\Local\Programs\MiKTeX\tex/latex/graphics\keyval.sty
Package: keyval 2014/10/28 v1.15 key=value parser (DPC)
\KV@toks@=\toks21
)
(C:\Users\jdbar\AppData\Local\Programs\MiKTeX\tex/generic/iftex\ifvtex.sty
Package: ifvtex 2019/10/25 v1.7 ifvtex legacy package. Use iftex instead.

(C:\Users\jdbar\AppData\Local\Programs\MiKTeX\tex/generic/iftex\iftex.sty
Package: iftex 2020/03/06 v1.0d TeX engine tests
))
\Gm@cnth=\count267
\Gm@cntv=\count268
\c@Gm@tempcnt=\count269
\Gm@bindingoffset=\dimen154
\Gm@wd@mp=\dimen155
\Gm@odd@mp=\dimen156
\Gm@even@mp=\dimen157
\Gm@layoutwidth=\dimen158
\Gm@layoutheight=\dimen159
\Gm@layouthoffset=\dimen160
\Gm@layoutvoffset=\dimen161
\Gm@dimlist=\toks22

(C:\Users\jdbar\AppData\Local\Programs\MiKTeX\tex/latex/geometry\geometry.cfg))
(C:\Users\jdbar\AppData\Local\Programs\MiKTeX\tex/latex/titlesec\titlesec.sty
Package: titlesec 2019/10/16 v2.13 Sectioning titles
\ttl@box=\box93
\beforetitleunit=\skip54
\aftertitleunit=\skip55
\ttl@plus=\dimen162
\ttl@minus=\dimen163
\ttl@toksa=\toks23
\titlewidth=\dimen164
\titlewidthlast=\dimen165
\titlewidthfirst=\dimen166
)
(C:\Users\jdbar\AppData\Local\Programs\MiKTeX\tex/latex/graphics\color.sty
Package: color 2019/11/23 v1.2a Standard LaTeX Color (DPC)

(C:\Users\jdbar\AppData\Local\Programs\MiKTeX\tex/latex/graphics-cfg\color.cfg
File: color.cfg 2016/01/02 v1.6 sample color configuration
)
Package color Info: Driver file: pdftex.def on input line 147.

(C:\Users\jdbar\AppData\Local\Programs\MiKTeX\tex/latex/graphics-def\pdftex.def
File: pdftex.def 2018/01/08 v1.0l Graphics/color driver for pdftex
) (C:\Users\jdbar\AppData\Local\Programs\MiKTeX\tex/latex/graphics\dvipsnam.def
File: dvipsnam.def 2016/06/17 v3.0m Driver-dependent file (DPC,SPQR)
))
(C:\Users\jdbar\AppData\Local\Programs\MiKTeX\tex/latex/graphics\graphicx.sty
Package: graphicx 2019/11/30 v1.2a Enhanced LaTeX Graphics (DPC,SPQR)

(C:\Users\jdbar\AppData\Local\Programs\MiKTeX\tex/latex/graphics\graphics.sty
Package: graphics 2019/11/30 v1.4a Standard LaTeX Graphics (DPC,SPQR)

(C:\Users\jdbar\AppData\Local\Programs\MiKTeX\tex/latex/graphics\trig.sty
Package: trig 2016/01/03 v1.10 sin cos tan (DPC)
)
(C:\Users\jdbar\AppData\Local\Programs\MiKTeX\tex/latex/graphics-cfg\graphics.c
fg
File: graphics.cfg 2016/06/04 v1.11 sample graphics configuration
)
Package graphics Info: Driver file: pdftex.def on input line 105.
)
\Gin@req@height=\dimen167
\Gin@req@width=\dimen168
)
(C:\Users\jdbar\AppData\Local\Programs\MiKTeX\tex/latex/l3backend\l3backend-pdf
mode.def
File: l3backend-pdfmode.def 2020-06-29 L3 backend support: PDF mode
\l__kernel_color_stack_int=\count270
\l__pdf_internal_box=\box94
) (FundamentosDeComputadores.aux
LaTeX Info: Redefining \. on input line 8.
LaTeX Info: Redefining \% on input line 8.
)
\openout1 = `FundamentosDeComputadores.aux'.

LaTeX Font Info:    Checking defaults for OML/cmm/m/it on input line 34.
LaTeX Font Info:    ... okay on input line 34.
LaTeX Font Info:    Checking defaults for OMS/cmsy/m/n on input line 34.
LaTeX Font Info:    ... okay on input line 34.
LaTeX Font Info:    Checking defaults for OT1/cmr/m/n on input line 34.
LaTeX Font Info:    ... okay on input line 34.
LaTeX Font Info:    Checking defaults for T1/cmr/m/n on input line 34.
LaTeX Font Info:    ... okay on input line 34.
LaTeX Font Info:    Checking defaults for TS1/cmr/m/n on input line 34.
LaTeX Font Info:    ... okay on input line 34.
LaTeX Font Info:    Checking defaults for OMX/cmex/m/n on input line 34.
LaTeX Font Info:    ... okay on input line 34.
LaTeX Font Info:    Checking defaults for U/cmr/m/n on input line 34.
LaTeX Font Info:    ... okay on input line 34.
LaTeX Info: Redefining \. on input line 34.
LaTeX Info: Redefining \% on input line 34.

*geometry* driver: auto-detecting
*geometry* detected driver: pdftex
*geometry* verbose mode - [ preamble ] result:
* driver: pdftex
* paper: a4paper
* layout: <same size as paper>
* layoutoffset:(h,v)=(0.0pt,0.0pt)
* modes: twoside 
* h-part:(L,W,R)=(85.35826pt, 426.79135pt, 85.35826pt)
* v-part:(T,H,B)=(71.13188pt, 702.78308pt, 71.13188pt)
* \paperwidth=597.50787pt
* \paperheight=845.04684pt
* \textwidth=426.79135pt
* \textheight=702.78308pt
* \oddsidemargin=13.08827pt
* \evensidemargin=13.08827pt
* \topmargin=-31.2056pt
* \headheight=12.0pt
* \headsep=18.06749pt
* \topskip=10.0pt
* \footskip=25.29494pt
* \marginparwidth=115.0pt
* \marginparsep=7.0pt
* \columnsep=10.0pt
* \skip\footins=9.0pt plus 4.0pt minus 2.0pt
* \hoffset=0.0pt
* \voffset=0.0pt
* \mag=1000
* \@twocolumnfalse
* \@twosidetrue
* \@mparswitchtrue
* \@reversemarginfalse
* (1in=72.27pt=25.4mm, 1cm=28.453pt)


(C:\Users\jdbar\AppData\Local\Programs\MiKTeX\tex/context/base/mkii\supp-pdf.mk
ii
[Loading MPS to PDF converter (version 2006.09.02).]
\scratchcounter=\count271
\scratchdimen=\dimen169
\scratchbox=\box95
\nofMPsegments=\count272
\nofMParguments=\count273
\everyMPshowfont=\toks24
\MPscratchCnt=\count274
\MPscratchDim=\dimen170
\MPnumerator=\count275
\makeMPintoPDFobject=\count276
\everyMPtoPDFconversion=\toks25
)
(C:\Users\jdbar\AppData\Local\Programs\MiKTeX\tex/latex/epstopdf-pkg\epstopdf-b
ase.sty
Package: epstopdf-base 2020-01-24 v2.11 Base part for package epstopdf
Package epstopdf-base Info: Redefining graphics rule for `.eps' on input line 4
85.
)
LaTeX Font Info:    Trying to load font information for U+msa on input line 35.


(C:\Users\jdbar\AppData\Local\Programs\MiKTeX\tex/latex/amsfonts\umsa.fd
File: umsa.fd 2013/01/14 v3.01 AMS symbols A
)
LaTeX Font Info:    Trying to load font information for U+msb on input line 35.


(C:\Users\jdbar\AppData\Local\Programs\MiKTeX\tex/latex/amsfonts\umsb.fd
File: umsb.fd 2013/01/14 v3.01 AMS symbols B
)
LaTeX Font Info:    Trying to load font information for U+lasy on input line 35
.

(C:\Users\jdbar\AppData\Local\Programs\MiKTeX\tex/latex/base\ulasy.fd
File: ulasy.fd 1998/08/17 v2.2e LaTeX symbol font definitions
) [1


{C:/Users/jdbar/AppData/Local/MiKTeX/pdftex/config/pdftex.map}] [2

]
Overfull \hbox (9.3226pt too wide) in paragraph at lines 38--38
|\OT1/cmr/bx/n/24.88 REPRESENTACI[]ON DI-GI-TAL DE
 []

<./fotos/secuencial y combinacional.png, id=12, 612.48825pt x 196.3335pt>
File: ./fotos/secuencial y combinacional.png Graphic file (type png)
<use ./fotos/secuencial y combinacional.png>
Package pdftex.def Info: ./fotos/secuencial y combinacional.png  used on input 
line 53.
(pdftex.def)             Requested size: 275.61716pt x 88.34924pt.
<./fotos/sincrono y asincrono.png, id=14, 383.93437pt x 114.4275pt>
File: ./fotos/sincrono y asincrono.png Graphic file (type png)
<use ./fotos/sincrono y asincrono.png>
Package pdftex.def Info: ./fotos/sincrono y asincrono.png  used on input line 6
1.
(pdftex.def)             Requested size: 249.55438pt x 74.37698pt.
[1

 <./fotos/secuencial y combinacional.png> <./fotos/sincrono y asincrono.png>]
<./fotos/decimal a binario.png, id=21, 604.2575pt x 329.23pt>
File: ./fotos/decimal a binario.png Graphic file (type png)
<use ./fotos/decimal a binario.png>
Package pdftex.def Info: ./fotos/decimal a binario.png  used on input line 97.
(pdftex.def)             Requested size: 151.064pt x 82.3073pt.

LaTeX Warning: Command \textellipsis invalid in math mode on input line 100.


LaTeX Warning: Command \textellipsis invalid in math mode on input line 101.

[2 <./fotos/decimal a binario.png>]
<./fotos/pasar de binario a decimal.jpg, id=29, 332.24126pt x 152.57pt>
File: ./fotos/pasar de binario a decimal.jpg Graphic file (type jpg)
<use ./fotos/pasar de binario a decimal.jpg>
Package pdftex.def Info: ./fotos/pasar de binario a decimal.jpg  used on input 
line 104.
(pdftex.def)             Requested size: 166.12021pt x 76.2848pt.
<./fotos/correspondencia entre bin, dec y hex.jpg, id=30, 753.5653pt x 358.3387
5pt>
File: ./fotos/correspondencia entre bin, dec y hex.jpg Graphic file (type jpg)
<use ./fotos/correspondencia entre bin, dec y hex.jpg>
Package pdftex.def Info: ./fotos/correspondencia entre bin, dec y hex.jpg  used
 on input line 111.
(pdftex.def)             Requested size: 278.81479pt x 132.58325pt.
 [3 <./fotos/pasar de binario a decimal.jpg> <./fotos/correspondencia entre bin
, dec y hex.jpg>] [4]
Overfull \hbox (2.77205pt too wide) in paragraph at lines 185--186
\OT1/cmr/m/n/10 Pa-ra \OT1/cmr/m/it/10 nume-ros ne-ga-ti-vos\OT1/cmr/m/n/10 , 
ha-cer su com-ple-men-to a 2 y de-co-di-fi-car co-mo los po-si-ti-vos, a~nadie
ndo-
 []


Overfull \hbox (2.77205pt too wide) in paragraph at lines 211--212
\OT1/cmr/m/n/10 Pa-ra \OT1/cmr/m/it/10 nume-ros ne-ga-ti-vos\OT1/cmr/m/n/10 , 
ha-cer su com-ple-men-to a 1 y de-co-di-fi-car co-mo los po-si-ti-vos, a~nadie
ndo-
 []

[5]
<./fotos/comparacion de codigos.png, id=47, 262.73157pt x 282.30469pt>
File: ./fotos/comparacion de codigos.png Graphic file (type png)
<use ./fotos/comparacion de codigos.png>
Package pdftex.def Info: ./fotos/comparacion de codigos.png  used on input line
 214.
(pdftex.def)             Requested size: 197.04817pt x 211.72798pt.
 [6 <./fotos/comparacion de codigos.png>]
Overfull \hbox (12.25978pt too wide) in paragraph at lines 221--221
|\OT1/cmr/bx/n/24.88 ESPECIFICACI[]ON DE SIS-TE-MAS
 []

<./fotos/sistema digital.png, id=51, 511.15968pt x 94.85437pt>
File: ./fotos/sistema digital.png Graphic file (type png)
<use ./fotos/sistema digital.png>
Package pdftex.def Info: ./fotos/sistema digital.png  used on input line 225.
(pdftex.def)             Requested size: 178.90855pt x 33.19951pt.
[7

 <./fotos/sistema digital.png>]
<./fotos/tabla funcion.png, id=55, 444.15938pt x 184.43906pt>
File: ./fotos/tabla funcion.png Graphic file (type png)
<use ./fotos/tabla funcion.png>
Package pdftex.def Info: ./fotos/tabla funcion.png  used on input line 293.
(pdftex.def)             Requested size: 333.1187pt x 138.32895pt.
 [8 <./fotos/tabla funcion.png>] [9]
Overfull \hbox (81.32733pt too wide) detected at line 380
\OML/cmm/m/it/10 f\OT1/cmr/m/n/10 (\OML/cmm/m/it/10 x; y; z; w\OT1/cmr/m/n/10 )
 = []\OML/cmm/m/it/10 z \OT1/cmr/m/n/10 + \OML/cmm/m/it/10 y[] \OMS/cmsy/m/n/10
 ) [] ) \OML/cmm/m/it/10 f\OT1/cmr/m/n/10 (\OML/cmm/m/it/10 x; y; z; w\OT1/cmr/
m/n/10 ) = [] \OML/cmm/m/it/10 m\OT1/cmr/m/n/10 (2\OML/cmm/m/it/10 ; \OT1/cmr/m
/n/10 3\OML/cmm/m/it/10 ; \OT1/cmr/m/n/10 4\OML/cmm/m/it/10 ; \OT1/cmr/m/n/10 5
\OML/cmm/m/it/10 ; \OT1/cmr/m/n/10 10\OML/cmm/m/it/10 ; \OT1/cmr/m/n/10 11\OML/
cmm/m/it/10 ; \OT1/cmr/m/n/10 12\OML/cmm/m/it/10 ; \OT1/cmr/m/n/10 13)
 []

[10]
<./fotos/mapas 1.png, id=67, 358.722pt x 172.4625pt>
File: ./fotos/mapas 1.png Graphic file (type png)
<use ./fotos/mapas 1.png>
Package pdftex.def Info: ./fotos/mapas 1.png  used on input line 392.
(pdftex.def)             Requested size: 269.04083pt x 129.34653pt.
<./fotos/mapas 2.png, id=68, 430.0065pt x 187.902pt>
File: ./fotos/mapas 2.png Graphic file (type png)
<use ./fotos/mapas 2.png>
Package pdftex.def Info: ./fotos/mapas 2.png  used on input line 396.
(pdftex.def)             Requested size: 322.50407pt x 140.92615pt.
<./fotos/mapas 3.png, id=69, 418.509pt x 182.9745pt>
File: ./fotos/mapas 3.png Graphic file (type png)
<use ./fotos/mapas 3.png>
Package pdftex.def Info: ./fotos/mapas 3.png  used on input line 400.
(pdftex.def)             Requested size: 313.88098pt x 137.23053pt.
<./fotos/mapas 4.png, id=70, 383.031pt x 177.66376pt>
File: ./fotos/mapas 4.png Graphic file (type png)
<use ./fotos/mapas 4.png>
Package pdftex.def Info: ./fotos/mapas 4.png  used on input line 414.
(pdftex.def)             Requested size: 363.87738pt x 168.7796pt.
 [11 <./fotos/mapas 1.png> <./fotos/mapas 2.png> <./fotos/mapas 3.png>]
<./fotos/mapas 5.png, id=78, 378.7605pt x 209.583pt>
File: ./fotos/mapas 5.png Graphic file (type png)
<use ./fotos/mapas 5.png>
Package pdftex.def Info: ./fotos/mapas 5.png  used on input line 425.
(pdftex.def)             Requested size: 359.82042pt x 199.1027pt.
<./fotos/mapas 6.png, id=79, 364.36125pt x 145.14224pt>
File: ./fotos/mapas 6.png Graphic file (type png)
<use ./fotos/mapas 6.png>
Package pdftex.def Info: ./fotos/mapas 6.png  used on input line 438.
(pdftex.def)             Requested size: 346.14122pt x 137.88434pt.

[12 <./fotos/mapas 4.png> <./fotos/mapas 5.png>]
<./fotos/mapas 7.png, id=85, 386.04225pt x 135.50626pt>
File: ./fotos/mapas 7.png Graphic file (type png)
<use ./fotos/mapas 7.png>
Package pdftex.def Info: ./fotos/mapas 7.png  used on input line 442.
(pdftex.def)             Requested size: 366.73805pt x 128.7302pt.
 [13 <./fotos/mapas 6.png> <./fotos/mapas 7.png>] [14

]
<./fotos/buffer triestado.png, id=94, 516.42938pt x 254.45062pt>
File: ./fotos/buffer triestado.png Graphic file (type png)
<use ./fotos/buffer triestado.png>
Package pdftex.def Info: ./fotos/buffer triestado.png  used on input line 456.
(pdftex.def)             Requested size: 232.39107pt x 114.50171pt.
<./fotos/puertas logicas.jpg, id=95, 413.29407pt x 197.98969pt>
File: ./fotos/puertas logicas.jpg Graphic file (type jpg)
<use ./fotos/puertas logicas.jpg>
Package pdftex.def Info: ./fotos/puertas logicas.jpg  used on input line 469.
(pdftex.def)             Requested size: 309.96977pt x 148.4919pt.

Underfull \vbox (badness 1616) has occurred while \output is active []

 [15 <./fotos/buffer triestado.png>]
<./fotos/imp arbol.png, id=99, 602.25pt x 278.54062pt>
File: ./fotos/imp arbol.png Graphic file (type png)
<use ./fotos/imp arbol.png>
Package pdftex.def Info: ./fotos/imp arbol.png  used on input line 475.
(pdftex.def)             Requested size: 301.12425pt x 139.26996pt.
<./fotos/puertas compuestas.png, id=100, 663.22781pt x 383.93437pt>
File: ./fotos/puertas compuestas.png Graphic file (type png)
<use ./fotos/puertas compuestas.png>
Package pdftex.def Info: ./fotos/puertas compuestas.png  used on input line 481
.
(pdftex.def)             Requested size: 331.6131pt x 191.9667pt.
 [16 <./fotos/puertas logicas.jpg> <./fotos/imp arbol.png> <./fotos/puertas com
puestas.png>]
<./fotos/interconexiones.png, id=104, 581.92406pt x 222.07968pt>
File: ./fotos/interconexiones.png Graphic file (type png)
<use ./fotos/interconexiones.png>
Package pdftex.def Info: ./fotos/interconexiones.png  used on input line 492.
(pdftex.def)             Requested size: 378.24615pt x 144.35007pt.
LaTeX Font Info:    Trying to load font information for OMS+cmr on input line 5
04.

(C:\Users\jdbar\AppData\Local\Programs\MiKTeX\tex/latex/base\omscmr.fd
File: omscmr.fd 2019/12/16 v2.5j Standard LaTeX font definitions
)
LaTeX Font Info:    Font shape `OMS/cmr/m/n' in size <10> not available
(Font)              Font shape `OMS/cmsy/m/n' tried instead on input line 504.

[17 <./fotos/interconexiones.png>]
<./fotos/imp multinivel.png, id=109, 628.59843pt x 443.40656pt>
File: ./fotos/imp multinivel.png Graphic file (type png)
<use ./fotos/imp multinivel.png>
Package pdftex.def Info: ./fotos/imp multinivel.png  used on input line 530.
(pdftex.def)             Requested size: 220.01274pt x 155.19461pt.
<./fotos/imp dos niveles.png, id=110, 682.04813pt x 427.5975pt>
File: ./fotos/imp dos niveles.png Graphic file (type png)
<use ./fotos/imp dos niveles.png>
Package pdftex.def Info: ./fotos/imp dos niveles.png  used on input line 536.
(pdftex.def)             Requested size: 238.72041pt x 149.66136pt.
<./fotos/imp en NAND.png, id=111, 660.21657pt x 415.5525pt>
File: ./fotos/imp en NAND.png Graphic file (type png)
<use ./fotos/imp en NAND.png>
Package pdftex.def Info: ./fotos/imp en NAND.png  used on input line 543.
(pdftex.def)             Requested size: 231.07925pt x 145.44554pt.
 [18 <./fotos/imp multinivel.png> <./fotos/imp dos niveles.png> <./fotos/imp en
 NAND.png>]
<./fotos/analisis puertas.png, id=115, 591.71063pt x 451.6875pt>
File: ./fotos/analisis puertas.png Graphic file (type png)
<use ./fotos/analisis puertas.png>
Package pdftex.def Info: ./fotos/analisis puertas.png  used on input line 558.
(pdftex.def)             Requested size: 266.26732pt x 203.25749pt.
 [19 <./fotos/analisis puertas.png>] [20

]
Overfull \hbox (9.12408pt too wide) in paragraph at lines 562--562
|\OT1/cmr/bx/n/24.88 M[]ODU-LOS COM-BI-NA-CIO-NA-LES| 
 []

<./fotos/deco.png, id=122, 264.99pt x 273.27094pt>
File: ./fotos/deco.png Graphic file (type png)
<use ./fotos/deco.png>
Package pdftex.def Info: ./fotos/deco.png  used on input line 579.
(pdftex.def)             Requested size: 172.24146pt x 177.624pt.
[21 <./fotos/deco.png>]
<./fotos/deco2.png, id=128, 520.19344pt x 408.77719pt>
File: ./fotos/deco2.png Graphic file (type png)
<use ./fotos/deco2.png>
Package pdftex.def Info: ./fotos/deco2.png  used on input line 586.
(pdftex.def)             Requested size: 234.08487pt x 183.94803pt.

Overfull \hbox (25.6892pt too wide) in paragraph at lines 586--587
 [] 
 []

<./fotos/Deco16.png, id=129, 649.67719pt x 409.53pt>
File: ./fotos/Deco16.png Graphic file (type png)
<use ./fotos/Deco16.png>
Package pdftex.def Info: ./fotos/Deco16.png  used on input line 616.
(pdftex.def)             Requested size: 422.28517pt x 266.19133pt.
[22 <./fotos/deco2.png> <./fotos/Deco16.png>]
<./fotos/aplicaciones dise√±o deco.jpeg, id=133, 1236.62pt x 1309.89375pt>
File: ./fotos/aplicaciones dise√±o deco.jpeg Graphic file (type jpg)
<use ./fotos/aplicaciones dise√±o deco.jpeg>
Package pdftex.def Info: ./fotos/aplicaciones dise√±o deco.jpeg  used on input 
line 624.
(pdftex.def)             Requested size: 284.41661pt x 301.26923pt.
 [23 <./fotos/aplicaciones dise√±o deco.jpeg>]
<./fotos/codificador.png, id=139, 205.36725pt x 248.72925pt>
File: ./fotos/codificador.png Graphic file (type png)
<use ./fotos/codificador.png>
Package pdftex.def Info: ./fotos/codificador.png  used on input line 645.
(pdftex.def)             Requested size: 133.48712pt x 161.67209pt.
<./fotos/codificador tripas.jpeg, id=140, 2039.62pt x 1671.24374pt>
File: ./fotos/codificador tripas.jpeg Graphic file (type jpg)
<use ./fotos/codificador tripas.jpeg>
Package pdftex.def Info: ./fotos/codificador tripas.jpeg  used on input line 67
2.
(pdftex.def)             Requested size: 244.74384pt x 200.54059pt.
<./fotos/codificador de prioridad.jpeg, id=141, 1345.025pt x 824.07875pt>
File: ./fotos/codificador de prioridad.jpeg Graphic file (type jpg)
<use ./fotos/codificador de prioridad.jpeg>
Package pdftex.def Info: ./fotos/codificador de prioridad.jpeg  used on input l
ine 681.
(pdftex.def)             Requested size: 309.34924pt x 189.53412pt.

Underfull \vbox (badness 10000) has occurred while \output is active []

 [24 <./fotos/codificador.png> <./fotos/codificador tripas.jpeg>]
<./fotos/combinacion de codificadores1.png, id=146, 562.5015pt x 340.27126pt>
File: ./fotos/combinacion de codificadores1.png Graphic file (type png)
<use ./fotos/combinacion de codificadores1.png>
Package pdftex.def Info: ./fotos/combinacion de codificadores1.png  used on inp
ut line 689.
(pdftex.def)             Requested size: 281.25006pt x 170.13521pt.
<./fotos/combinaci√≥n de codificadores2.png, id=147, 550.4565pt x 339.06676pt>
File: ./fotos/combinaci√≥n de codificadores2.png Graphic file (type png)
<use ./fotos/combinaci√≥n de codificadores2.png>
Package pdftex.def Info: ./fotos/combinaci√≥n de codificadores2.png  used on in
put line 693.
(pdftex.def)             Requested size: 275.22757pt x 169.53296pt.
 [25 <./fotos/codificador de prioridad.jpeg> <./fotos/combinacion de codificado
res1.png> <./fotos/combinaci√≥n de codificadores2.png>]
<./fotos/resolutor de prioridades tripas.png, id=153, 281.25075pt x 237.88875pt
>
File: ./fotos/resolutor de prioridades tripas.png Graphic file (type png)
<use ./fotos/resolutor de prioridades tripas.png>
Package pdftex.def Info: ./fotos/resolutor de prioridades tripas.png  used on i
nput line 699.
(pdftex.def)             Requested size: 168.75174pt x 142.73433pt.
<./fotos/aplicacion de dise√±o codificador.png, id=154, 493.845pt x 297.5115pt>

File: ./fotos/aplicacion de dise√±o codificador.png Graphic file (type png)
<use ./fotos/aplicacion de dise√±o codificador.png>
Package pdftex.def Info: ./fotos/aplicacion de dise√±o codificador.png  used on
 input line 706.
(pdftex.def)             Requested size: 261.73659pt x 157.68034pt.
 [26 <./fotos/resolutor de prioridades tripas.png> <./fotos/aplicacion de dise√
±o codificador.png>]
<./fotos/multiplexor.png, id=160, 166.82326pt x 224.037pt>
File: ./fotos/multiplexor.png Graphic file (type png)
<use ./fotos/multiplexor.png>
Package pdftex.def Info: ./fotos/multiplexor.png  used on input line 724.
(pdftex.def)             Requested size: 133.45877pt x 179.22983pt.
<./fotos/implementacion multiplexor.png, id=161, 409.53pt x 256.5585pt>
File: ./fotos/implementacion multiplexor.png Graphic file (type png)
<use ./fotos/implementacion multiplexor.png>
Package pdftex.def Info: ./fotos/implementacion multiplexor.png  used on input 
line 754.
(pdftex.def)             Requested size: 307.14674pt x 192.4184pt.
<./fotos/arbol multiplexor.png, id=162, 364.9635pt x 265.59225pt>
File: ./fotos/arbol multiplexor.png Graphic file (type png)
<use ./fotos/arbol multiplexor.png>
Package pdftex.def Info: ./fotos/arbol multiplexor.png  used on input line 761.

(pdftex.def)             Requested size: 273.72194pt x 199.19368pt.

Underfull \vbox (badness 10000) has occurred while \output is active []

 [27 <./fotos/multiplexor.png> <./fotos/implementacion multiplexor.png>]
<./fotos/aplicacion multiplexor 1.jpeg, id=168, 3019.28pt x 1450.41875pt>
File: ./fotos/aplicacion multiplexor 1.jpeg Graphic file (type jpg)
<use ./fotos/aplicacion multiplexor 1.jpeg>
Package pdftex.def Info: ./fotos/aplicacion multiplexor 1.jpeg  used on input l
ine 774.
(pdftex.def)             Requested size: 241.54733pt x 116.03587pt.
<./fotos/aplicacion multiplexor 2.png, id=169, 426.84468pt x 207.02344pt>
File: ./fotos/aplicacion multiplexor 2.png Graphic file (type png)
<use ./fotos/aplicacion multiplexor 2.png>
Package pdftex.def Info: ./fotos/aplicacion multiplexor 2.png  used on input li
ne 787.
(pdftex.def)             Requested size: 213.42181pt x 103.51146pt.
 [28 <./fotos/arbol multiplexor.png> <./fotos/aplicacion multiplexor 1.jpeg>]
<./fotos/aplicacion multiplexor 3.jpeg, id=174, 1425.325pt x 814.04124pt>
File: ./fotos/aplicacion multiplexor 3.jpeg Graphic file (type jpg)
<use ./fotos/aplicacion multiplexor 3.jpeg>
Package pdftex.def Info: ./fotos/aplicacion multiplexor 3.jpeg  used on input l
ine 793.
(pdftex.def)             Requested size: 242.30205pt x 138.38518pt.
<./fotos/sumador simple.png, id=175, 268.75406pt x 258.21469pt>
File: ./fotos/sumador simple.png Graphic file (type png)
<use ./fotos/sumador simple.png>
Package pdftex.def Info: ./fotos/sumador simple.png  used on input line 805.
(pdftex.def)             Requested size: 120.9382pt x 116.19553pt.
<./fotos/sumador en serie.png, id=176, 470.35725pt x 274.02374pt>
File: ./fotos/sumador en serie.png Graphic file (type png)
<use ./fotos/sumador en serie.png>
Package pdftex.def Info: ./fotos/sumador en serie.png  used on input line 837.
(pdftex.def)             Requested size: 258.69728pt x 150.71352pt.
 [29 <./fotos/aplicacion multiplexor 2.png> <./fotos/aplicacion multiplexor 3.j
peg> <./fotos/sumador simple.png>]
<./fotos/restador sencillo.png, id=181, 222.8325pt x 176.15813pt>
File: ./fotos/restador sencillo.png Graphic file (type png)
<use ./fotos/restador sencillo.png>
Package pdftex.def Info: ./fotos/restador sencillo.png  used on input line 849.

(pdftex.def)             Requested size: 122.55824pt x 96.88725pt.

Overfull \hbox (22.71758pt too wide) in paragraph at lines 853--860
 [] 
 []

<./fotos/Restador tripas.png, id=182, 664.884pt x 391.4625pt>
File: ./fotos/Restador tripas.png Graphic file (type png)
<use ./fotos/Restador tripas.png>
Package pdftex.def Info: ./fotos/Restador tripas.png  used on input line 866.
(pdftex.def)             Requested size: 332.4412pt x 195.73076pt.
[30 <./fotos/sumador en serie.png> <./fotos/restador sencillo.png> <./fotos/Res
tador tripas.png>]
<./fotos/sumador_restador.png, id=189, 445.665pt x 281.853pt>
File: ./fotos/sumador_restador.png Graphic file (type png)
<use ./fotos/sumador_restador.png>
Package pdftex.def Info: ./fotos/sumador_restador.png  used on input line 873.
(pdftex.def)             Requested size: 334.24792pt x 211.38922pt.
<./fotos/sumador_restador_tripas.png, id=190, 466.1415pt x 246.32025pt>
File: ./fotos/sumador_restador_tripas.png Graphic file (type png)
<use ./fotos/sumador_restador_tripas.png>
Package pdftex.def Info: ./fotos/sumador_restador_tripas.png  used on input lin
e 877.
(pdftex.def)             Requested size: 349.60526pt x 184.73973pt.
<./fotos/ALU_dise√±o.png, id=191, 442.0515pt x 293.29575pt>
File: ./fotos/ALU_dise√±o.png Graphic file (type png)
<use ./fotos/ALU_dise√±o.png>
Package pdftex.def Info: ./fotos/ALU_dise√±o.png  used on input line 891.
(pdftex.def)             Requested size: 331.53781pt x 219.97125pt.
 [31 <./fotos/sumador_restador.png> <./fotos/sumador_restador_tripas.png>]
<./fotos/ALU1.png, id=197, 483.60675pt x 287.8755pt>
File: ./fotos/ALU1.png Graphic file (type png)
<use ./fotos/ALU1.png>
Package pdftex.def Info: ./fotos/ALU1.png  used on input line 899.
(pdftex.def)             Requested size: 357.87076pt x 213.02892pt.
<./fotos/ALU2.jpeg, id=198, 895.09406pt x 546.54187pt>
File: ./fotos/ALU2.jpeg Graphic file (type jpg)
<use ./fotos/ALU2.jpeg>
Package pdftex.def Info: ./fotos/ALU2.jpeg  used on input line 908.
(pdftex.def)             Requested size: 331.17961pt x 202.21732pt.
 [32 <./fotos/ALU_dise√±o.png> <./fotos/ALU1.png>]
<./fotos/Ampliador_aritmetico.jpeg, id=204, 876.27374pt x 579.66562pt>
File: ./fotos/Ampliador_aritmetico.jpeg Graphic file (type jpg)
<use ./fotos/Ampliador_aritmetico.jpeg>
Package pdftex.def Info: ./fotos/Ampliador_aritmetico.jpeg  used on input line 
914.
(pdftex.def)             Requested size: 324.2162pt x 214.47292pt.
<./fotos/Ampliador_logico.jpeg, id=205, 715.92468pt x 576.65437pt>
File: ./fotos/Ampliador_logico.jpeg Graphic file (type jpg)
<use ./fotos/Ampliador_logico.jpeg>
Package pdftex.def Info: ./fotos/Ampliador_logico.jpeg  used on input line 920.

(pdftex.def)             Requested size: 250.5774pt x 201.83205pt.

Underfull \vbox (badness 10000) has occurred while \output is active []

 [33 <./fotos/ALU2.jpeg> <./fotos/Ampliador_aritmetico.jpeg>]
<./fotos/ALU_final.jpeg, id=209, 810.02625pt x 483.30562pt>
File: ./fotos/ALU_final.jpeg Graphic file (type jpg)
<use ./fotos/ALU_final.jpeg>
Package pdftex.def Info: ./fotos/ALU_final.jpeg  used on input line 925.
(pdftex.def)             Requested size: 299.70502pt x 178.82028pt.
<./fotos/ROM.png, id=210, 192.72pt x 222.23026pt>
File: ./fotos/ROM.png Graphic file (type png)
<use ./fotos/ROM.png>
Package pdftex.def Info: ./fotos/ROM.png  used on input line 940.
(pdftex.def)             Requested size: 125.2665pt x 144.44795pt.

Overfull \vbox (99.46477pt too high) has occurred while \output is active []


Overfull \vbox (99.46477pt too high) has occurred while \output is active []


[34 <./fotos/Ampliador_logico.jpeg> <./fotos/ALU_final.jpeg> <./fotos/ROM.png>]
<./fotos/matrices ROM.png, id=215, 507.69675pt x 354.72525pt>
File: ./fotos/matrices ROM.png Graphic file (type png)
<use ./fotos/matrices ROM.png>
Package pdftex.def Info: ./fotos/matrices ROM.png  used on input line 944.
(pdftex.def)             Requested size: 177.69652pt x 124.15569pt.
<./fotos/ROM 3.png, id=216, 552.26324pt x 290.88675pt>
File: ./fotos/ROM 3.png Graphic file (type png)
<use ./fotos/ROM 3.png>
Package pdftex.def Info: ./fotos/ROM 3.png  used on input line 952.
(pdftex.def)             Requested size: 358.96684pt x 189.07414pt.
[35 <./fotos/matrices ROM.png> <./fotos/ROM 3.png>]
<./fotos/ROM anchura palabra.png, id=223, 520.94624pt x 244.5135pt>
File: ./fotos/ROM anchura palabra.png Graphic file (type png)
<use ./fotos/ROM anchura palabra.png>
Package pdftex.def Info: ./fotos/ROM anchura palabra.png  used on input line 99
2.
(pdftex.def)             Requested size: 312.57016pt x 146.70923pt.
<./fotos/ROM profundidad.png, id=224, 547.44525pt x 267.399pt>
File: ./fotos/ROM profundidad.png Graphic file (type png)
<use ./fotos/ROM profundidad.png>
Package pdftex.def Info: ./fotos/ROM profundidad.png  used on input line 1001.
(pdftex.def)             Requested size: 301.09581pt x 147.0699pt.
 [36 <./fotos/ROM anchura palabra.png> <./fotos/ROM profundidad.png>]
<./fotos/comparador_magnitud.png, id=230, 434.22224pt x 272.81924pt>
File: ./fotos/comparador_magnitud.png Graphic file (type png)
<use ./fotos/comparador_magnitud.png>
Package pdftex.def Info: ./fotos/comparador_magnitud.png  used on input line 10
17.
(pdftex.def)             Requested size: 282.2411pt x 177.3304pt.
<./fotos/comparador1.png, id=231, 447.47176pt x 286.06876pt>
File: ./fotos/comparador1.png Graphic file (type png)
<use ./fotos/comparador1.png>
Package pdftex.def Info: ./fotos/comparador1.png  used on input line 1021.
(pdftex.def)             Requested size: 308.75584pt x 197.38765pt.
 [37 <./fotos/comparador_magnitud.png> <./fotos/comparador1.png>]
<./fotos/comparador2.png, id=237, 440.24475pt x 275.22826pt>
File: ./fotos/comparador2.png Graphic file (type png)
<use ./fotos/comparador2.png>
Package pdftex.def Info: ./fotos/comparador2.png  used on input line 1026.
(pdftex.def)             Requested size: 281.75568pt x 176.14548pt.
<./fotos/gasto modulos.png, id=238, 395.076pt x 266.79675pt>
File: ./fotos/gasto modulos.png Graphic file (type png)
<use ./fotos/gasto modulos.png>
Package pdftex.def Info: ./fotos/gasto modulos.png  used on input line 1035.
(pdftex.def)             Requested size: 252.84776pt x 170.74933pt.
 [38 <./fotos/comparador2.png> <./fotos/gasto modulos.png>]
Overfull \hbox (12.25978pt too wide) in paragraph at lines 1038--1038
|\OT1/cmr/bx/n/24.88 ESPECIFICACI[]ON DE SIS-TE-MAS
 []

[39

]
<./fotos/diagrama1.jpeg, id=247, 593.21625pt x 167.12437pt>
File: ./fotos/diagrama1.jpeg Graphic file (type jpg)
<use ./fotos/diagrama1.jpeg>
Package pdftex.def Info: ./fotos/diagrama1.jpeg  used on input line 1070.
(pdftex.def)             Requested size: 266.94484pt x 75.20526pt.
<./fotos/ejemplo_diagrama1.jpeg, id=248, 910.90312pt x 292.09125pt>
File: ./fotos/ejemplo_diagrama1.jpeg Graphic file (type jpg)
<use ./fotos/ejemplo_diagrama1.jpeg>
Package pdftex.def Info: ./fotos/ejemplo_diagrama1.jpeg  used on input line 108
3.
(pdftex.def)             Requested size: 273.27304pt x 87.62804pt.
 [40 <./fotos/diagrama1.jpeg> <./fotos/ejemplo_diagrama1.jpeg>]
<./fotos/ejemplo_diagrama2.jpeg, id=252, 837.1275pt x 257.46187pt>
File: ./fotos/ejemplo_diagrama2.jpeg Graphic file (type jpg)
<use ./fotos/ejemplo_diagrama2.jpeg>
Package pdftex.def Info: ./fotos/ejemplo_diagrama2.jpeg  used on input line 109
8.
(pdftex.def)             Requested size: 292.99901pt x 90.11299pt.
 [41 <./fotos/ejemplo_diagrama2.jpeg>]
<./fotos/codificacion eficiente.jpeg, id=257, 721.19438pt x 327.47343pt>
File: ./fotos/codificacion eficiente.jpeg Graphic file (type jpg)
<use ./fotos/codificacion eficiente.jpeg>
Package pdftex.def Info: ./fotos/codificacion eficiente.jpeg  used on input lin
e 1122.
(pdftex.def)             Requested size: 252.42181pt x 114.61742pt.
<./fotos/evolucion1.png, id=258, 202.95825pt x 118.041pt>
File: ./fotos/evolucion1.png Graphic file (type png)
<use ./fotos/evolucion1.png>
Package pdftex.def Info: ./fotos/evolucion1.png  used on input line 1132.
(pdftex.def)             Requested size: 101.47887pt x 59.02034pt.
<./fotos/evolucion2.png, id=259, 260.172pt x 111.41624pt>
File: ./fotos/evolucion2.png Graphic file (type png)
<use ./fotos/evolucion2.png>
Package pdftex.def Info: ./fotos/evolucion2.png  used on input line 1138.
(pdftex.def)             Requested size: 130.08566pt x 55.70798pt.
<./fotos/evolucion3.png, id=260, 373.99725pt x 255.354pt>
File: ./fotos/evolucion3.png Graphic file (type png)
<use ./fotos/evolucion3.png>
Package pdftex.def Info: ./fotos/evolucion3.png  used on input line 1144.
(pdftex.def)             Requested size: 186.99815pt x 127.67668pt.

Underfull \vbox (badness 1490) has occurred while \output is active []

 [42 <./fotos/codificacion eficiente.jpeg> <./fotos/evolucion1.png> <./fotos/ev
olucion2.png>]
<./fotos/evolucion4.png, id=266, 479.391pt x 275.22826pt>
File: ./fotos/evolucion4.png Graphic file (type png)
<use ./fotos/evolucion4.png>
Package pdftex.def Info: ./fotos/evolucion4.png  used on input line 1150.
(pdftex.def)             Requested size: 239.69492pt x 137.61378pt.
<./fotos/biestable RS asincrono.png, id=267, 587.796pt x 190.311pt>
File: ./fotos/biestable RS asincrono.png Graphic file (type png)
<use ./fotos/biestable RS asincrono.png>
Package pdftex.def Info: ./fotos/biestable RS asincrono.png  used on input line
 1157.
(pdftex.def)             Requested size: 293.89728pt x 95.15526pt.
<./fotos/cronograma RS asincrono.png, id=268, 645.00975pt x 389.65575pt>
File: ./fotos/cronograma RS asincrono.png Graphic file (type png)
<use ./fotos/cronograma RS asincrono.png>
Package pdftex.def Info: ./fotos/cronograma RS asincrono.png  used on input lin
e 1163.
(pdftex.def)             Requested size: 322.50407pt x 194.8274pt.

Underfull \vbox (badness 10000) has occurred while \output is active []

 [43 <./fotos/evolucion3.png> <./fotos/evolucion4.png> <./fotos/biestable RS as
incrono.png>]
<./fotos/biestable por nivel.png, id=275, 661.87276pt x 487.22025pt>
File: ./fotos/biestable por nivel.png Graphic file (type png)
<use ./fotos/biestable por nivel.png>
Package pdftex.def Info: ./fotos/biestable por nivel.png  used on input line 11
84.
(pdftex.def)             Requested size: 330.93556pt x 243.60953pt.

Underfull \vbox (badness 10000) has occurred while \output is active []

 [44 <./fotos/cronograma RS asincrono.png>]
<./fotos/cronograma biestable por nivel.png, id=280, 673.3155pt x 396.88275pt>
File: ./fotos/cronograma biestable por nivel.png Graphic file (type png)
<use ./fotos/cronograma biestable por nivel.png>
Package pdftex.def Info: ./fotos/cronograma biestable por nivel.png  used on in
put line 1189.
(pdftex.def)             Requested size: 336.65692pt x 198.44089pt.
<./fotos/biestable D por nivel.png, id=281, 666.0885pt x 384.2355pt>
File: ./fotos/biestable D por nivel.png Graphic file (type png)
<use ./fotos/biestable D por nivel.png>
Package pdftex.def Info: ./fotos/biestable D por nivel.png  used on input line 
1201.
(pdftex.def)             Requested size: 333.04343pt x 192.11728pt.
 [45 <./fotos/biestable por nivel.png> <./fotos/cronograma biestable por nivel.
png>]
<./fotos/cronograma biestable D por nivel.png, id=287, 663.6795pt x 398.08725pt
>
File: ./fotos/cronograma biestable D por nivel.png Graphic file (type png)
<use ./fotos/cronograma biestable D por nivel.png>
Package pdftex.def Info: ./fotos/cronograma biestable D por nivel.png  used on 
input line 1207.
(pdftex.def)             Requested size: 331.83894pt x 199.04314pt.
<./fotos/biestable D s√≠ncrono disparado por flanco.png, id=288, 669.09975pt x 
416.15475pt>
File: ./fotos/biestable D s√≠ncrono disparado por flanco.png Graphic file (type
 png)
<use ./fotos/biestable D s√≠ncrono disparado por flanco.png>
Package pdftex.def Info: ./fotos/biestable D s√≠ncrono disparado por flanco.png
  used on input line 1217.
(pdftex.def)             Requested size: 334.54906pt x 208.07686pt.

Underfull \vbox (badness 10000) has occurred while \output is active []

 [46 <./fotos/biestable D por nivel.png> <./fotos/cronograma biestable D por ni
vel.png>]
<./fotos/cronograma biestables D sincronos.png, id=294, 655.248pt x 429.40425pt
>
File: ./fotos/cronograma biestables D sincronos.png Graphic file (type png)
<use ./fotos/cronograma biestables D sincronos.png>
Package pdftex.def Info: ./fotos/cronograma biestables D sincronos.png  used on
 input line 1223.
(pdftex.def)             Requested size: 327.6232pt x 214.70158pt.

[47 <./fotos/biestable D s√≠ncrono disparado por flanco.png> <./fotos/cronogram
a biestables D sincronos.png>]
<./fotos/Ejemplo1.png, id=301, 455.301pt x 276.43275pt>
File: ./fotos/Ejemplo1.png Graphic file (type png)
<use ./fotos/Ejemplo1.png>
Package pdftex.def Info: ./fotos/Ejemplo1.png  used on input line 1260.
(pdftex.def)             Requested size: 295.94214pt x 179.67915pt.
 [48]
<./fotos/Ejemplo2.png, id=305, 463.13025pt x 283.0575pt>
File: ./fotos/Ejemplo2.png Graphic file (type png)
<use ./fotos/Ejemplo2.png>
Package pdftex.def Info: ./fotos/Ejemplo2.png  used on input line 1263.
(pdftex.def)             Requested size: 301.0311pt x 183.98518pt.
<./fotos/Ejemplo3.png, id=306, 481.19775pt x 280.04625pt>
File: ./fotos/Ejemplo3.png Graphic file (type png)
<use ./fotos/Ejemplo3.png>
Package pdftex.def Info: ./fotos/Ejemplo3.png  used on input line 1266.
(pdftex.def)             Requested size: 312.77483pt x 182.0279pt.
<./fotos/Ejemplo4.png, id=307, 455.301pt x 284.86424pt>
File: ./fotos/Ejemplo4.png Graphic file (type png)
<use ./fotos/Ejemplo4.png>
Package pdftex.def Info: ./fotos/Ejemplo4.png  used on input line 1269.
(pdftex.def)             Requested size: 295.94214pt x 185.15956pt.

Underfull \vbox (badness 10000) has occurred while \output is active []

 [49 <./fotos/Ejemplo1.png> <./fotos/Ejemplo2.png> <./fotos/Ejemplo3.png>]
<./fotos/Clear y preset1.png, id=314, 455.301pt x 272.217pt>
File: ./fotos/Clear y preset1.png Graphic file (type png)
<use ./fotos/Clear y preset1.png>
Package pdftex.def Info: ./fotos/Clear y preset1.png  used on input line 1277.
(pdftex.def)             Requested size: 295.94214pt x 176.93893pt.
<./fotos/Clear y preset2.png, id=315, 462.528pt x 287.8755pt>
File: ./fotos/Clear y preset2.png Graphic file (type png)
<use ./fotos/Clear y preset2.png>
Package pdftex.def Info: ./fotos/Clear y preset2.png  used on input line 1281.
(pdftex.def)             Requested size: 300.63962pt x 187.11685pt.
 [50 <./fotos/Ejemplo4.png> <./fotos/Clear y preset1.png> <./fotos/Clear y pres
et2.png>]
<./fotos/reset1.png, id=322, 467.346pt x 279.444pt>
File: ./fotos/reset1.png Graphic file (type png)
<use ./fotos/reset1.png>
Package pdftex.def Info: ./fotos/reset1.png  used on input line 1289.
(pdftex.def)             Requested size: 303.77129pt x 181.63644pt.
<./fotos/reset2.png, id=323, 467.346pt x 277.63725pt>
File: ./fotos/reset2.png Graphic file (type png)
<use ./fotos/reset2.png>
Package pdftex.def Info: ./fotos/reset2.png  used on input line 1293.
(pdftex.def)             Requested size: 303.77129pt x 180.46207pt.
<./fotos/se√±al de reloj.png, id=324, 645.00975pt x 449.2785pt>
File: ./fotos/se√±al de reloj.png Graphic file (type png)
<use ./fotos/se√±al de reloj.png>
Package pdftex.def Info: ./fotos/se√±al de reloj.png  used on input line 1298.
(pdftex.def)             Requested size: 387.00883pt x 269.56917pt.

Underfull \vbox (badness 10000) has occurred while \output is active []

 [51 <./fotos/reset1.png> <./fotos/reset2.png>] [52 <./fotos/se√±al de reloj.pn
g>]
<./fotos/registro.png, id=334, 663.6795pt x 356.532pt>
File: ./fotos/registro.png Graphic file (type png)
<use ./fotos/registro.png>
Package pdftex.def Info: ./fotos/registro.png  used on input line 1310.
(pdftex.def)             Requested size: 278.74348pt x 149.7424pt.
<./fotos/implementacion registro.png, id=335, 669.09975pt x 375.20175pt>
File: ./fotos/implementacion registro.png Graphic file (type png)
<use ./fotos/implementacion registro.png>
Package pdftex.def Info: ./fotos/implementacion registro.png  used on input lin
e 1314.
(pdftex.def)             Requested size: 281.01997pt x 157.58365pt.
<./fotos/cronograma registro.png, id=336, 672.111pt x 417.35925pt>
File: ./fotos/cronograma registro.png Graphic file (type png)
<use ./fotos/cronograma registro.png>
Package pdftex.def Info: ./fotos/cronograma registro.png  used on input line 13
18.
(pdftex.def)             Requested size: 315.89221pt x 196.15886pt.

[53

 <./fotos/registro.png> <./fotos/implementacion registro.png>]
<./fotos/registro de desplazamiento.png, id=343, 645.612pt x 422.17725pt>
File: ./fotos/registro de desplazamiento.png Graphic file (type png)
<use ./fotos/registro de desplazamiento.png>
Package pdftex.def Info: ./fotos/registro de desplazamiento.png  used on input 
line 1324.
(pdftex.def)             Requested size: 290.52272pt x 189.978pt.
<./fotos/desplazamiento bilateral.png, id=344, 661.87276pt x 414.348pt>
File: ./fotos/desplazamiento bilateral.png Graphic file (type png)
<use ./fotos/desplazamiento bilateral.png>
Package pdftex.def Info: ./fotos/desplazamiento bilateral.png  used on input li
ne 1327.
(pdftex.def)             Requested size: 297.83998pt x 186.45486pt.
 [54 <./fotos/cronograma registro.png> <./fotos/registro de desplazamiento.png>
 <./fotos/desplazamiento bilateral.png>]
<./fotos/reconocedor de secuencias.png, id=351, 639.5895pt x 289.08pt>
File: ./fotos/reconocedor de secuencias.png Graphic file (type png)
<use ./fotos/reconocedor de secuencias.png>
Package pdftex.def Info: ./fotos/reconocedor de secuencias.png  used on input l
ine 1346.
(pdftex.def)             Requested size: 447.70958pt x 202.35461pt.

Overfull \hbox (20.91823pt too wide) in paragraph at lines 1346--1347
 [] 
 []

[55 <./fotos/reconocedor de secuencias.png>]
<./fotos/contador ascendente.png, id=356, 657.657pt x 413.74574pt>
File: ./fotos/contador ascendente.png Graphic file (type png)
<use ./fotos/contador ascendente.png>
Package pdftex.def Info: ./fotos/contador ascendente.png  used on input line 13
55.
(pdftex.def)             Requested size: 276.21405pt x 173.77202pt.
<./fotos/contador descendente.png, id=357, 656.4525pt x 371.58826pt>
File: ./fotos/contador descendente.png Graphic file (type png)
<use ./fotos/contador descendente.png>
Package pdftex.def Info: ./fotos/contador descendente.png  used on input line 1
359.
(pdftex.def)             Requested size: 262.57634pt x 148.63266pt.
<./fotos/dise√±o contador ascendente.png, id=358, 793.46437pt x 509.65407pt>
File: ./fotos/dise√±o contador ascendente.png Graphic file (type png)
<use ./fotos/dise√±o contador ascendente.png>
Package pdftex.def Info: ./fotos/dise√±o contador ascendente.png  used on input
 line 1365.
(pdftex.def)             Requested size: 277.71669pt x 178.38159pt.
<./fotos/implementacion contador ascendente.png, id=359, 643.203pt x 334.851pt>

File: ./fotos/implementacion contador ascendente.png Graphic file (type png)
<use ./fotos/implementacion contador ascendente.png>
Package pdftex.def Info: ./fotos/implementacion contador ascendente.png  used o
n input line 1369.
(pdftex.def)             Requested size: 250.84816pt x 130.59135pt.
 [56 <./fotos/contador ascendente.png> <./fotos/contador descendente.png> <./fo
tos/dise√±o contador ascendente.png>]
<./fotos/dise√±o contador descendente.png, id=365, 839.38594pt x 516.42938pt>
File: ./fotos/dise√±o contador descendente.png Graphic file (type png)
<use ./fotos/dise√±o contador descendente.png>
Package pdftex.def Info: ./fotos/dise√±o contador descendente.png  used on inpu
t line 1373.
(pdftex.def)             Requested size: 293.78947pt x 180.75299pt.
<./fotos/implementacion contador descendente.png, id=366, 652.839pt x 334.851pt
>
File: ./fotos/implementacion contador descendente.png Graphic file (type png)
<use ./fotos/implementacion contador descendente.png>
Package pdftex.def Info: ./fotos/implementacion contador descendente.png  used 
on input line 1377.
(pdftex.def)             Requested size: 254.60619pt x 130.59135pt.
<./fotos/contador ascendente descendente.png, id=367, 666.69075pt x 404.712pt>
File: ./fotos/contador ascendente descendente.png Graphic file (type png)
<use ./fotos/contador ascendente descendente.png>
Package pdftex.def Info: ./fotos/contador ascendente descendente.png  used on i
nput line 1383.
(pdftex.def)             Requested size: 280.0082pt x 169.97787pt.
 [57 <./fotos/implementacion contador ascendente.png> <./fotos/dise√±o contador
 descendente.png> <./fotos/implementacion contador descendente.png> <./fotos/co
ntador ascendente descendente.png>]
<./fotos/dise√±o contador ascendente descendente.png, id=374, 643.80525pt x 394
.47375pt>
File: ./fotos/dise√±o contador ascendente descendente.png Graphic file (type pn
g)
<use ./fotos/dise√±o contador ascendente descendente.png>
Package pdftex.def Info: ./fotos/dise√±o contador ascendente descendente.png  u
sed on input line 1389.
(pdftex.def)             Requested size: 270.39636pt x 165.67784pt.
<./fotos/implementacion contador ascendente descendente.png, id=375, 660.066pt 
x 356.532pt>
File: ./fotos/implementacion contador ascendente descendente.png Graphic file (
type png)
<use ./fotos/implementacion contador ascendente descendente.png>
Package pdftex.def Info: ./fotos/implementacion contador ascendente descendente
.png  used on input line 1393.
(pdftex.def)             Requested size: 277.22581pt x 149.7424pt.
<./fotos/contador de carga paralela.png, id=376, 666.69075pt x 417.35925pt>
File: ./fotos/contador de carga paralela.png Graphic file (type png)
<use ./fotos/contador de carga paralela.png>
Package pdftex.def Info: ./fotos/contador de carga paralela.png  used on input 
line 1399.
(pdftex.def)             Requested size: 280.0082pt x 175.28967pt.
<./fotos/implementacion contador de carga paralela.png, id=377, 677.53125pt x 4
10.7345pt>
File: ./fotos/implementacion contador de carga paralela.png Graphic file (type 
png)
<use ./fotos/implementacion contador de carga paralela.png>
Package pdftex.def Info: ./fotos/implementacion contador de carga paralela.png 
 used on input line 1403.
(pdftex.def)             Requested size: 271.00769pt x 164.29088pt.

Underfull \vbox (badness 10000) has occurred while \output is active []

 [58 <./fotos/dise√±o contador ascendente descendente.png> <./fotos/implementac
ion contador ascendente descendente.png> <./fotos/contador de carga paralela.pn
g>]
<./fotos/contador anchura.png, id=384, 667.293pt x 397.485pt>
File: ./fotos/contador anchura.png Graphic file (type png)
<use ./fotos/contador anchura.png>
Package pdftex.def Info: ./fotos/contador anchura.png  used on input line 1410.

(pdftex.def)             Requested size: 266.91246pt x 158.99118pt.
<./fotos/aplicaciones contador 1.png, id=385, 665.48625pt x 396.88275pt>
File: ./fotos/aplicaciones contador 1.png Graphic file (type png)
<use ./fotos/aplicaciones contador 1.png>
Package pdftex.def Info: ./fotos/aplicaciones contador 1.png  used on input lin
e 1417.
(pdftex.def)             Requested size: 266.18977pt x 158.75027pt.

[59 <./fotos/implementacion contador de carga paralela.png> <./fotos/contador a
nchura.png> <./fotos/aplicaciones contador 1.png>]
<./fotos/aplicaciones contador 2.png, id=393, 672.111pt x 392.667pt>
File: ./fotos/aplicaciones contador 2.png Graphic file (type png)
<use ./fotos/aplicaciones contador 2.png>
Package pdftex.def Info: ./fotos/aplicaciones contador 2.png  used on input lin
e 1423.
(pdftex.def)             Requested size: 302.44714pt x 176.69852pt.
<./fotos/sistema1.jpeg, id=394, 406.51875pt x 411.78844pt>
File: ./fotos/sistema1.jpeg Graphic file (type jpg)
<use ./fotos/sistema1.jpeg>
Package pdftex.def Info: ./fotos/sistema1.jpeg  used on input line 1430.
(pdftex.def)             Requested size: 121.95656pt x 123.53748pt.
<./fotos/sistema2.jpeg, id=395, 624.83438pt x 493.845pt>
File: ./fotos/sistema2.jpeg Graphic file (type jpg)
<use ./fotos/sistema2.jpeg>
Package pdftex.def Info: ./fotos/sistema2.jpeg  used on input line 1434.
(pdftex.def)             Requested size: 156.2082pt x 123.46094pt.
<./fotos/tabla contador.jpeg, id=396, 576.65437pt x 719.68875pt>
File: ./fotos/tabla contador.jpeg Graphic file (type jpg)
<use ./fotos/tabla contador.jpeg>
Package pdftex.def Info: ./fotos/tabla contador.jpeg  used on input line 1444.
(pdftex.def)             Requested size: 149.92659pt x 187.11465pt.

Underfull \vbox (badness 10000) has occurred while \output is active []

 [60 <./fotos/aplicaciones contador 2.png> <./fotos/sistema1.jpeg> <./fotos/sis
tema2.jpeg>]
<./fotos/banco de registros.png, id=401, 670.9065pt x 386.04225pt>
File: ./fotos/banco de registros.png Graphic file (type png)
<use ./fotos/banco de registros.png>
Package pdftex.def Info: ./fotos/banco de registros.png  used on input line 145
1.
(pdftex.def)             Requested size: 281.7788pt x 162.13663pt.
<./fotos/implementacion banco de registros.png, id=402, 666.69075pt x 411.33675
pt>
File: ./fotos/implementacion banco de registros.png Graphic file (type png)
<use ./fotos/implementacion banco de registros.png>
Package pdftex.def Info: ./fotos/implementacion banco de registros.png  used on
 input line 1455.
(pdftex.def)             Requested size: 280.0082pt x 172.76025pt.
 [61 <./fotos/tabla contador.jpeg> <./fotos/banco de registros.png> <./fotos/im
plementacion banco de registros.png>]
<./fotos/Memoria RAM.png, id=408, 626.34pt x 325.81725pt>
File: ./fotos/Memoria RAM.png Graphic file (type png)
<use ./fotos/Memoria RAM.png>
Package pdftex.def Info: ./fotos/Memoria RAM.png  used on input line 1462.
(pdftex.def)             Requested size: 281.85039pt x 146.6164pt.
<./fotos/tipos RAM.png, id=409, 656.4525pt x 309.5565pt>
File: ./fotos/tipos RAM.png Graphic file (type png)
<use ./fotos/tipos RAM.png>
Package pdftex.def Info: ./fotos/tipos RAM.png  used on input line 1466.
(pdftex.def)             Requested size: 295.4009pt x 139.29913pt.
<./fotos/implementacion memoria RAM.png, id=410, 650.43pt x 414.95026pt>
File: ./fotos/implementacion memoria RAM.png Graphic file (type png)
<use ./fotos/implementacion memoria RAM.png>
Package pdftex.def Info: ./fotos/implementacion memoria RAM.png  used on input 
line 1470.
(pdftex.def)             Requested size: 325.2142pt x 207.47461pt.

Underfull \vbox (badness 1394) has occurred while \output is active []

 [62 <./fotos/Memoria RAM.png> <./fotos/tipos RAM.png> <./fotos/implementacion 
memoria RAM.png>]
<./fotos/RAM anchura.png, id=417, 649.2255pt x 379.4175pt>
File: ./fotos/RAM anchura.png Graphic file (type png)
<use ./fotos/RAM anchura.png>
Package pdftex.def Info: ./fotos/RAM anchura.png  used on input line 1477.
(pdftex.def)             Requested size: 292.14877pt x 170.73628pt.
<./fotos/RAM profundidad.png, id=418, 635.37375pt x 398.08725pt>
File: ./fotos/RAM profundidad.png Graphic file (type png)
<use ./fotos/RAM profundidad.png>
Package pdftex.def Info: ./fotos/RAM profundidad.png  used on input line 1480.
(pdftex.def)             Requested size: 285.91554pt x 179.1376pt.
 [63 <./fotos/RAM anchura.png> <./fotos/RAM profundidad.png>] [64

]
<./fotos/algoritmo de multiplicacion.png, id=427, 635.976pt x 298.716pt>
File: ./fotos/algoritmo de multiplicacion.png Graphic file (type png)
<use ./fotos/algoritmo de multiplicacion.png>
Package pdftex.def Info: ./fotos/algoritmo de multiplicacion.png  used on input
 line 1487.
(pdftex.def)             Requested size: 324.34346pt x 152.34312pt.
<./fotos/ruta de datos buena.png, id=428, 727.21687pt x 550.30594pt>
File: ./fotos/ruta de datos buena.png Graphic file (type png)
<use ./fotos/ruta de datos buena.png>
Package pdftex.def Info: ./fotos/ruta de datos buena.png  used on input line 14
91.
(pdftex.def)             Requested size: 290.88159pt x 220.11847pt.

[65 <./fotos/algoritmo de multiplicacion.png> <./fotos/ruta de datos buena.png>
]
<./fotos/ruta de datos7.png, id=434, 414.348pt x 466.74374pt>
File: ./fotos/ruta de datos7.png Graphic file (type png)
<use ./fotos/ruta de datos7.png>
Package pdftex.def Info: ./fotos/ruta de datos7.png  used on input line 1503.
(pdftex.def)             Requested size: 207.1735pt x 233.37129pt.
<./fotos/ruta de datos8.png, id=435, 405.31425pt x 462.528pt>
File: ./fotos/ruta de datos8.png Graphic file (type png)
<use ./fotos/ruta de datos8.png>
Package pdftex.def Info: ./fotos/ruta de datos8.png  used on input line 1507.
(pdftex.def)             Requested size: 243.19043pt x 277.51894pt.

Underfull \vbox (badness 10000) has occurred while \output is active []

 [66 <./fotos/ruta de datos7.png>]
<./fotos/final ruta de datos.png, id=440, 558.888pt x 439.6425pt>
File: ./fotos/final ruta de datos.png Graphic file (type png)
<use ./fotos/final ruta de datos.png>
Package pdftex.def Info: ./fotos/final ruta de datos.png  used on input line 15
11.
(pdftex.def)             Requested size: 335.33537pt x 263.78752pt.

Underfull \vbox (badness 10000) has occurred while \output is active []

 [67 <./fotos/ruta de datos8.png> <./fotos/final ruta de datos.png>]
<./fotos/ruta de datos general.png, id=446, 400.97171pt x 271.32947pt>
File: ./fotos/ruta de datos general.png Graphic file (type png)
<use ./fotos/ruta de datos general.png>
Package pdftex.def Info: ./fotos/ruta de datos general.png  used on input line 
1517.
(pdftex.def)             Requested size: 400.97072pt x 271.3288pt.
 [68 <./fotos/ruta de datos general.png>] [69]
<./fotos/formatos instrucciones.png, id=453, 631.158pt x 407.72325pt>
File: ./fotos/formatos instrucciones.png Graphic file (type png)
<use ./fotos/formatos instrucciones.png>
Package pdftex.def Info: ./fotos/formatos instrucciones.png  used on input line
 1570.
(pdftex.def)             Requested size: 378.69772pt x 244.63583pt.
<./fotos/instrucciones aritmetico_logicas.png, id=454, 486.01575pt x 74.07675pt
>
File: ./fotos/instrucciones aritmetico_logicas.png Graphic file (type png)
<use ./fotos/instrucciones aritmetico_logicas.png>
Package pdftex.def Info: ./fotos/instrucciones aritmetico_logicas.png  used on 
input line 1577.
(pdftex.def)             Requested size: 291.6117pt x 44.44638pt.
<./fotos/instrucciones de acceso a memoria.png, id=455, 587.94656pt x 76.78688p
t>
File: ./fotos/instrucciones de acceso a memoria.png Graphic file (type png)
<use ./fotos/instrucciones de acceso a memoria.png>
Package pdftex.def Info: ./fotos/instrucciones de acceso a memoria.png  used on
 input line 1601.
(pdftex.def)             Requested size: 293.97256pt x 38.39334pt.
 [70 <./fotos/formatos instrucciones.png> <./fotos/instrucciones aritmetico_log
icas.png>]
<./fotos/instrucciones salto condicional.png, id=461, 583.42969pt x 82.05656pt>

File: ./fotos/instrucciones salto condicional.png Graphic file (type png)
<use ./fotos/instrucciones salto condicional.png>
Package pdftex.def Info: ./fotos/instrucciones salto condicional.png  used on i
nput line 1626.
(pdftex.def)             Requested size: 350.0605pt x 49.2343pt.
 [71 <./fotos/instrucciones de acceso a memoria.png> <./fotos/instrucciones sal
to condicional.png>]
<./fotos/fetch.png, id=466, 602.25pt x 332.442pt>
File: ./fotos/fetch.png Graphic file (type png)
<use ./fotos/fetch.png>
Package pdftex.def Info: ./fotos/fetch.png  used on input line 1656.
(pdftex.def)             Requested size: 301.12425pt x 166.22058pt.
<./fotos/fase deco.png, id=467, 576.35326pt x 325.81725pt>
File: ./fotos/fase deco.png Graphic file (type png)
<use ./fotos/fase deco.png>
Package pdftex.def Info: ./fotos/fase deco.png  used on input line 1667.
(pdftex.def)             Requested size: 288.17592pt x 162.90822pt.
 [72 <./fotos/fetch.png> <./fotos/fase deco.png>]
<./fotos/ex aritmetico_logicas.png, id=473, 608.2725pt x 346.29375pt>
File: ./fotos/ex aritmetico_logicas.png Graphic file (type png)
<use ./fotos/ex aritmetico_logicas.png>
Package pdftex.def Info: ./fotos/ex aritmetico_logicas.png  used on input line 
1679.
(pdftex.def)             Requested size: 304.13551pt x 173.14644pt.
<./fotos/ex acceso memoria.png, id=474, 619.71526pt x 354.72525pt>
File: ./fotos/ex acceso memoria.png Graphic file (type png)
<use ./fotos/ex acceso memoria.png>
Package pdftex.def Info: ./fotos/ex acceso memoria.png  used on input line 1689
.
(pdftex.def)             Requested size: 309.85686pt x 177.36218pt.
 [73 <./fotos/ex aritmetico_logicas.png> <./fotos/ex acceso memoria.png>]
<./fotos/acceso memoria.png, id=480, 606.46574pt x 329.43076pt>
File: ./fotos/acceso memoria.png Graphic file (type png)
<use ./fotos/acceso memoria.png>
Package pdftex.def Info: ./fotos/acceso memoria.png  used on input line 1701.
(pdftex.def)             Requested size: 303.23212pt x 164.71497pt.
<./fotos/Escritura en banco de registros.png, id=481, 682.34924pt x 362.5545pt>

File: ./fotos/Escritura en banco de registros.png Graphic file (type png)
<use ./fotos/Escritura en banco de registros.png>
Package pdftex.def Info: ./fotos/Escritura en banco de registros.png  used on i
nput line 1716.
(pdftex.def)             Requested size: 409.4127pt x 217.53438pt.

Underfull \vbox (badness 3078) has occurred while \output is active []

 [74 <./fotos/acceso memoria.png>]
<./fotos/escritura en memoria.png, id=486, 684.156pt x 336.65775pt>
File: ./fotos/escritura en memoria.png Graphic file (type png)
<use ./fotos/escritura en memoria.png>
Package pdftex.def Info: ./fotos/escritura en memoria.png  used on input line 1
725.
(pdftex.def)             Requested size: 410.49677pt x 201.99619pt.
<./fotos/escritura salto condicional.png, id=487, 696.80325pt x 371.58826pt>
File: ./fotos/escritura salto condicional.png Graphic file (type png)
<use ./fotos/escritura salto condicional.png>
Package pdftex.def Info: ./fotos/escritura salto condicional.png  used on input
 line 1734.
(pdftex.def)             Requested size: 418.08517pt x 222.95467pt.
 [75 <./fotos/Escritura en banco de registros.png> <./fotos/escritura en memori
a.png>]
<./fotos/ruta de datos MIPS.png, id=493, 716.6775pt x 449.2785pt>
File: ./fotos/ruta de datos MIPS.png Graphic file (type png)
<use ./fotos/ruta de datos MIPS.png>
Package pdftex.def Info: ./fotos/ruta de datos MIPS.png  used on input line 173
8.
(pdftex.def)             Requested size: 430.00983pt x 269.56917pt.

Overfull \hbox (3.21848pt too wide) in paragraph at lines 1738--1739
 [] 
 []

[76 <./fotos/escritura salto condicional.png> <./fotos/ruta de datos MIPS.png>]
[77] [78]
<./fotos/diagrama de estados controlador.png, id=506, 673.91776pt x 421.575pt>
File: ./fotos/diagrama de estados controlador.png Graphic file (type png)
<use ./fotos/diagrama de estados controlador.png>
Package pdftex.def Info: ./fotos/diagrama de estados controlador.png  used on i
nput line 1878.
(pdftex.def)             Requested size: 336.95805pt x 210.78697pt.
 [79]
<./fotos/tabla de verdad controlador.png, id=510, 629.9535pt x 428.802pt>
File: ./fotos/tabla de verdad controlador.png Graphic file (type png)
<use ./fotos/tabla de verdad controlador.png>
Package pdftex.def Info: ./fotos/tabla de verdad controlador.png  used on input
 line 1898.
(pdftex.def)             Requested size: 314.97598pt x 214.40047pt.
 [80 <./fotos/diagrama de estados controlador.png> <./fotos/tabla de verdad con
trolador.png>]
<./fotos/dise√±o control ALU.png, id=516, 545.78906pt x 423.83344pt>
File: ./fotos/dise√±o control ALU.png Graphic file (type png)
<use ./fotos/dise√±o control ALU.png>
Package pdftex.def Info: ./fotos/dise√±o control ALU.png  used on input line 19
73.
(pdftex.def)             Requested size: 218.31175pt x 169.53036pt.
 [81 <./fotos/dise√±o control ALU.png>] [82

]
<./fotos/modalidades RAM.png, id=523, 438.438pt x 246.9225pt>
File: ./fotos/modalidades RAM.png Graphic file (type png)
<use ./fotos/modalidades RAM.png>
Package pdftex.def Info: ./fotos/modalidades RAM.png  used on input line 1996.
(pdftex.def)             Requested size: 306.9045pt x 172.84456pt.

[83 <./fotos/modalidades RAM.png>]
<./fotos/jerarqu√≠a de memoria.png, id=529, 234.8775pt x 264.99pt>
File: ./fotos/jerarqu√≠a de memoria.png Graphic file (type png)
<use ./fotos/jerarqu√≠a de memoria.png>
Package pdftex.def Info: ./fotos/jerarqu√≠a de memoria.png  used on input line 
2003.
(pdftex.def)             Requested size: 164.41312pt x 185.49173pt.
 [84 <./fotos/jerarqu√≠a de memoria.png>]
<./fotos/division de direccion.png, id=534, 267.20882pt x 79.87737pt>
File: ./fotos/division de direccion.png Graphic file (type png)
<use ./fotos/division de direccion.png>
Package pdftex.def Info: ./fotos/division de direccion.png  used on input line 
2030.
(pdftex.def)             Requested size: 267.20815pt x 79.87717pt.
<./fotos/memoria cache.png, id=535, 189.86723pt x 187.64842pt>
File: ./fotos/memoria cache.png Graphic file (type png)
<use ./fotos/memoria cache.png>
Package pdftex.def Info: ./fotos/memoria cache.png  used on input line 2034.
(pdftex.def)             Requested size: 189.86676pt x 187.64796pt.
<./fotos/funcionamiento de memoria cache.png, id=536, 429.40425pt x 413.1435pt>

File: ./fotos/funcionamiento de memoria cache.png Graphic file (type png)
<use ./fotos/funcionamiento de memoria cache.png>
Package pdftex.def Info: ./fotos/funcionamiento de memoria cache.png  used on i
nput line 2038.
(pdftex.def)             Requested size: 236.17305pt x 227.22961pt.

Underfull \vbox (badness 10000) has occurred while \output is active []

 [85 <./fotos/division de direccion.png> <./fotos/memoria cache.png>] [86 <./fo
tos/funcionamiento de memoria cache.png>] [87] (FundamentosDeComputadores.aux
LaTeX Info: Redefining \. on input line 8.
LaTeX Info: Redefining \% on input line 8.
) ) 
Here is how much of TeX's memory you used:
 5782 strings out of 480790
 96921 string characters out of 2897301
 342554 words of memory out of 3000000
 21615 multiletter control sequences out of 15000+200000
 543816 words of font info for 70 fonts, out of 3000000 for 9000
 1141 hyphenation exceptions out of 8191
 30i,14n,36p,1061b,361s stack positions out of 5000i,500n,10000p,200000b,50000s
 <C:\Users\jdbar\AppData\Local\MiKTeX\fonts/pk/ljfour/jknappen/ec/dpi600\tcr
m0800.pk> <C:\Users\jdbar\AppData\Local\MiKTeX\fonts/pk/ljfour/jknappen/ec/dpi6
00\tcrm1000.pk> <C:\Users\jdbar\AppData\Local\MiKTeX\fonts/pk/ljfour/jknappen/e
c/dpi600\tcrm1200.pk><C:/Users/jdbar/AppData/Local/Programs/MiKTeX/fonts/type1/
public/amsfonts/cm/cmbx10.pfb><C:/Users/jdbar/AppData/Local/Programs/MiKTeX/fon
ts/type1/public/amsfonts/cm/cmbx12.pfb><C:/Users/jdbar/AppData/Local/Programs/M
iKTeX/fonts/type1/public/amsfonts/cm/cmbxti10.pfb><C:/Users/jdbar/AppData/Local
/Programs/MiKTeX/fonts/type1/public/amsfonts/cm/cmex10.pfb><C:/Users/jdbar/AppD
ata/Local/Programs/MiKTeX/fonts/type1/public/amsfonts/cm/cmmi10.pfb><C:/Users/j
dbar/AppData/Local/Programs/MiKTeX/fonts/type1/public/amsfonts/cm/cmmi6.pfb><C:
/Users/jdbar/AppData/Local/Programs/MiKTeX/fonts/type1/public/amsfonts/cm/cmmi7
.pfb><C:/Users/jdbar/AppData/Local/Programs/MiKTeX/fonts/type1/public/amsfonts/
cm/cmmi8.pfb><C:/Users/jdbar/AppData/Local/Programs/MiKTeX/fonts/type1/public/a
msfonts/cm/cmr10.pfb><C:/Users/jdbar/AppData/Local/Programs/MiKTeX/fonts/type1/
public/amsfonts/cm/cmr12.pfb><C:/Users/jdbar/AppData/Local/Programs/MiKTeX/font
s/type1/public/amsfonts/cm/cmr17.pfb><C:/Users/jdbar/AppData/Local/Programs/MiK
TeX/fonts/type1/public/amsfonts/cm/cmr5.pfb><C:/Users/jdbar/AppData/Local/Progr
ams/MiKTeX/fonts/type1/public/amsfonts/cm/cmr6.pfb><C:/Users/jdbar/AppData/Loca
l/Programs/MiKTeX/fonts/type1/public/amsfonts/cm/cmr7.pfb><C:/Users/jdbar/AppDa
ta/Local/Programs/MiKTeX/fonts/type1/public/amsfonts/cm/cmr8.pfb><C:/Users/jdba
r/AppData/Local/Programs/MiKTeX/fonts/type1/public/amsfonts/cm/cmsy10.pfb><C:/U
sers/jdbar/AppData/Local/Programs/MiKTeX/fonts/type1/public/amsfonts/cm/cmsy7.p
fb><C:/Users/jdbar/AppData/Local/Programs/MiKTeX/fonts/type1/public/amsfonts/cm
/cmti10.pfb><C:/Users/jdbar/AppData/Local/Programs/MiKTeX/fonts/type1/public/am
sfonts/cm/cmti8.pfb>
Output written on FundamentosDeComputadores.pdf (89 pages, 8905432 bytes).
PDF statistics:
 622 PDF objects out of 1000 (max. 8388607)
 0 named destinations out of 1000 (max. 500000)
 721 words of extra memory for PDF output out of 10000 (max. 10000000)

